d:\programprojects\w_project\windows\windows\debug\vc142.pdb
d:\programprojects\w_project\windows\windows\debug\vc142.idb
d:\programprojects\w_project\windows\windows\debug\system_op.obj
d:\programprojects\w_project\windows\windows\debug\stdinit.obj
d:\programprojects\w_project\windows\windows\debug\start.obj
d:\programprojects\w_project\windows\windows\debug\scope.obj
d:\programprojects\w_project\windows\windows\debug\processor.obj
d:\programprojects\w_project\windows\windows\debug\main.obj
d:\programprojects\w_project\windows\windows\debug\loop.obj
d:\programprojects\w_project\windows\windows\debug\frontend.obj
d:\programprojects\w_project\windows\windows\debug\expression.obj
d:\programprojects\w_project\windows\windows\debug\error_reader.obj
d:\programprojects\w_project\windows\windows\debug\cond.obj
d:\programprojects\w_project\windows\windows\debug\backend.obj
d:\programprojects\w_project\windows\windows\debug\ast_utils.obj
d:\programprojects\w_project\windows\windows\debug\assign.obj
d:\programprojects\w_project\windows\debug\wlang.exe
d:\programprojects\w_project\windows\debug\wlang.ilk
d:\programprojects\w_project\windows\debug\wlang.pdb
c:\personalprojects\w_project\windows\windows\debug\assign.obj
c:\personalprojects\w_project\windows\windows\debug\ast_utils.obj
c:\personalprojects\w_project\windows\windows\debug\backend.obj
c:\personalprojects\w_project\windows\windows\debug\cond.obj
c:\personalprojects\w_project\windows\windows\debug\error_reader.obj
c:\personalprojects\w_project\windows\windows\debug\expression.obj
c:\personalprojects\w_project\windows\windows\debug\frontend.obj
c:\personalprojects\w_project\windows\windows\debug\loop.obj
c:\personalprojects\w_project\windows\windows\debug\main.obj
c:\personalprojects\w_project\windows\windows\debug\processor.obj
c:\personalprojects\w_project\windows\windows\debug\scope.obj
c:\personalprojects\w_project\windows\windows\debug\start.obj
c:\personalprojects\w_project\windows\windows\debug\stdinit.obj
c:\personalprojects\w_project\windows\windows\debug\system_op.obj
c:\personalprojects\w_project\windows\windows\debug\processor.obj.enc
c:\personalprojects\w_project\windows\windows\debug\vc142.idb
c:\personalprojects\w_project\windows\windows\debug\vc142.pdb
c:\personalprojects\w_project\windows\debug\wlang.pdb
c:\personalprojects\w_project\windows\debug\wlang.exe
c:\personalprojects\w_project\windows\debug\wlang.ilk
c:\personalprojects\w_project\windows\windows\debug\windows.tlog\cl.command.1.tlog
c:\personalprojects\w_project\windows\windows\debug\windows.tlog\cl.read.1.tlog
c:\personalprojects\w_project\windows\windows\debug\windows.tlog\cl.write.1.tlog
c:\personalprojects\w_project\windows\windows\debug\windows.tlog\link.command.1.tlog
c:\personalprojects\w_project\windows\windows\debug\windows.tlog\link.read.1.tlog
c:\personalprojects\w_project\windows\windows\debug\windows.tlog\link.write.1.tlog
